{"total": {"lines":{"total":47,"covered":35,"skipped":0,"pct":74.47},"statements":{"total":49,"covered":36,"skipped":0,"pct":73.47},"functions":{"total":9,"covered":7,"skipped":0,"pct":77.78},"branches":{"total":10,"covered":5,"skipped":0,"pct":50}}
,"C:\\Users\\H2103671\\Desktop\\node\\sequelize\\app\\router.js": {"lines":{"total":3,"covered":3,"skipped":0,"pct":100},"functions":{"total":1,"covered":1,"skipped":0,"pct":100},"statements":{"total":3,"covered":3,"skipped":0,"pct":100},"branches":{"total":0,"covered":0,"skipped":0,"pct":100}}
,"C:\\Users\\H2103671\\Desktop\\node\\sequelize\\app\\controller\\home.js": {"lines":{"total":3,"covered":2,"skipped":0,"pct":66.67},"functions":{"total":1,"covered":0,"skipped":0,"pct":0},"statements":{"total":3,"covered":2,"skipped":0,"pct":66.67},"branches":{"total":0,"covered":0,"skipped":0,"pct":100}}
,"C:\\Users\\H2103671\\Desktop\\node\\sequelize\\app\\controller\\user.js": {"lines":{"total":33,"covered":22,"skipped":0,"pct":66.67},"functions":{"total":6,"covered":5,"skipped":0,"pct":83.33},"statements":{"total":35,"covered":23,"skipped":0,"pct":65.71},"branches":{"total":10,"covered":5,"skipped":0,"pct":50}}
,"C:\\Users\\H2103671\\Desktop\\node\\sequelize\\app\\model\\user.js": {"lines":{"total":4,"covered":4,"skipped":0,"pct":100},"functions":{"total":1,"covered":1,"skipped":0,"pct":100},"statements":{"total":4,"covered":4,"skipped":0,"pct":100},"branches":{"total":0,"covered":0,"skipped":0,"pct":100}}
,"C:\\Users\\H2103671\\Desktop\\node\\sequelize\\config\\config.default.js": {"lines":{"total":2,"covered":2,"skipped":0,"pct":100},"functions":{"total":0,"covered":0,"skipped":0,"pct":100},"statements":{"total":2,"covered":2,"skipped":0,"pct":100},"branches":{"total":0,"covered":0,"skipped":0,"pct":100}}
,"C:\\Users\\H2103671\\Desktop\\node\\sequelize\\config\\config.unittest.js": {"lines":{"total":1,"covered":1,"skipped":0,"pct":100},"functions":{"total":0,"covered":0,"skipped":0,"pct":100},"statements":{"total":1,"covered":1,"skipped":0,"pct":100},"branches":{"total":0,"covered":0,"skipped":0,"pct":100}}
,"C:\\Users\\H2103671\\Desktop\\node\\sequelize\\config\\plugin.js": {"lines":{"total":1,"covered":1,"skipped":0,"pct":100},"functions":{"total":0,"covered":0,"skipped":0,"pct":100},"statements":{"total":1,"covered":1,"skipped":0,"pct":100},"branches":{"total":0,"covered":0,"skipped":0,"pct":100}}
}
