{"C:\\Users\\H2103671\\Desktop\\node\\sequelize\\app\\router.js": {"path":"C:\\Users\\H2103671\\Desktop\\node\\sequelize\\app\\router.js","statementMap":{"0":{"start":{"line":1,"column":0},"end":{"line":4,"column":1}},"1":{"start":{"line":2,"column":33},"end":{"line":2,"column":36}},"2":{"start":{"line":3,"column":2},"end":{"line":3,"column":54}}},"fnMap":{"0":{"name":"(anonymous_0)","decl":{"start":{"line":1,"column":17},"end":{"line":1,"column":18}},"loc":{"start":{"line":1,"column":24},"end":{"line":4,"column":1}},"line":1}},"branchMap":{},"s":{"0":1,"1":1,"2":1},"f":{"0":1},"b":{},"_coverageSchema":"43e27e138ebf9cfc5966b082cf9a028302ed4184","hash":"87c1afbc57db1402092dd8db8cd09f5273886037","contentHash":"c00d411a84ed5dbdd9b39b68ad48312ba23dd445b88ab59a988e93d3bf9db1e6"}
,"C:\\Users\\H2103671\\Desktop\\node\\sequelize\\app\\controller\\home.js": {"path":"C:\\Users\\H2103671\\Desktop\\node\\sequelize\\app\\controller\\home.js","statementMap":{"0":{"start":{"line":1,"column":19},"end":{"line":1,"column":44}},"1":{"start":{"line":5,"column":4},"end":{"line":5,"column":33}},"2":{"start":{"line":9,"column":0},"end":{"line":9,"column":31}}},"fnMap":{"0":{"name":"(anonymous_0)","decl":{"start":{"line":4,"column":2},"end":{"line":4,"column":3}},"loc":{"start":{"line":4,"column":17},"end":{"line":6,"column":3}},"line":4}},"branchMap":{},"s":{"0":1,"1":0,"2":1},"f":{"0":0},"b":{},"_coverageSchema":"43e27e138ebf9cfc5966b082cf9a028302ed4184","hash":"e49230a7b0057dd8cb68245b41fda0ab9442f484","contentHash":"15eca809012a4af5ca2efa16dc32565d95c17f511bf8a1b9672a1b779b658f22"}
,"C:\\Users\\H2103671\\Desktop\\node\\sequelize\\app\\controller\\user.js": {"path":"C:\\Users\\H2103671\\Desktop\\node\\sequelize\\app\\controller\\user.js","statementMap":{"0":{"start":{"line":2,"column":19},"end":{"line":2,"column":44}},"1":{"start":{"line":5,"column":2},"end":{"line":5,"column":41}},"2":{"start":{"line":5,"column":31},"end":{"line":5,"column":41}},"3":{"start":{"line":6,"column":2},"end":{"line":6,"column":22}},"4":{"start":{"line":6,"column":12},"end":{"line":6,"column":22}},"5":{"start":{"line":7,"column":2},"end":{"line":7,"column":31}},"6":{"start":{"line":12,"column":16},"end":{"line":12,"column":24}},"7":{"start":{"line":13,"column":4},"end":{"line":13,"column":31}},"8":{"start":{"line":14,"column":18},"end":{"line":14,"column":84}},"9":{"start":{"line":15,"column":4},"end":{"line":15,"column":50}},"10":{"start":{"line":19,"column":16},"end":{"line":19,"column":24}},"11":{"start":{"line":20,"column":4},"end":{"line":20,"column":66}},"12":{"start":{"line":24,"column":16},"end":{"line":24,"column":24}},"13":{"start":{"line":25,"column":26},"end":{"line":25,"column":42}},"14":{"start":{"line":26,"column":17},"end":{"line":26,"column":59}},"15":{"start":{"line":27,"column":4},"end":{"line":27,"column":20}},"16":{"start":{"line":28,"column":4},"end":{"line":28,"column":19}},"17":{"start":{"line":32,"column":16},"end":{"line":32,"column":24}},"18":{"start":{"line":33,"column":15},"end":{"line":33,"column":35}},"19":{"start":{"line":34,"column":17},"end":{"line":34,"column":50}},"20":{"start":{"line":35,"column":4},"end":{"line":38,"column":5}},"21":{"start":{"line":36,"column":6},"end":{"line":36,"column":22}},"22":{"start":{"line":37,"column":6},"end":{"line":37,"column":12}},"23":{"start":{"line":40,"column":26},"end":{"line":40,"column":42}},"24":{"start":{"line":41,"column":4},"end":{"line":41,"column":36}},"25":{"start":{"line":42,"column":4},"end":{"line":42,"column":19}},"26":{"start":{"line":46,"column":16},"end":{"line":46,"column":24}},"27":{"start":{"line":47,"column":15},"end":{"line":47,"column":35}},"28":{"start":{"line":48,"column":17},"end":{"line":48,"column":50}},"29":{"start":{"line":49,"column":4},"end":{"line":52,"column":5}},"30":{"start":{"line":50,"column":6},"end":{"line":50,"column":22}},"31":{"start":{"line":51,"column":6},"end":{"line":51,"column":12}},"32":{"start":{"line":54,"column":4},"end":{"line":54,"column":24}},"33":{"start":{"line":55,"column":4},"end":{"line":55,"column":20}},"34":{"start":{"line":59,"column":0},"end":{"line":59,"column":31}}},"fnMap":{"0":{"name":"toInt","decl":{"start":{"line":4,"column":9},"end":{"line":4,"column":14}},"loc":{"start":{"line":4,"column":21},"end":{"line":8,"column":1}},"line":4},"1":{"name":"(anonymous_1)","decl":{"start":{"line":11,"column":2},"end":{"line":11,"column":3}},"loc":{"start":{"line":11,"column":17},"end":{"line":16,"column":3}},"line":11},"2":{"name":"(anonymous_2)","decl":{"start":{"line":18,"column":2},"end":{"line":18,"column":3}},"loc":{"start":{"line":18,"column":16},"end":{"line":21,"column":3}},"line":18},"3":{"name":"(anonymous_3)","decl":{"start":{"line":23,"column":2},"end":{"line":23,"column":3}},"loc":{"start":{"line":23,"column":18},"end":{"line":29,"column":3}},"line":23},"4":{"name":"(anonymous_4)","decl":{"start":{"line":31,"column":2},"end":{"line":31,"column":3}},"loc":{"start":{"line":31,"column":18},"end":{"line":43,"column":3}},"line":31},"5":{"name":"(anonymous_5)","decl":{"start":{"line":45,"column":2},"end":{"line":45,"column":3}},"loc":{"start":{"line":45,"column":19},"end":{"line":56,"column":3}},"line":45}},"branchMap":{"0":{"loc":{"start":{"line":5,"column":2},"end":{"line":5,"column":41}},"type":"if","locations":[{"start":{"line":5,"column":2},"end":{"line":5,"column":41}},{"start":{"line":5,"column":2},"end":{"line":5,"column":41}}],"line":5},"1":{"loc":{"start":{"line":6,"column":2},"end":{"line":6,"column":22}},"type":"if","locations":[{"start":{"line":6,"column":2},"end":{"line":6,"column":22}},{"start":{"line":6,"column":2},"end":{"line":6,"column":22}}],"line":6},"2":{"loc":{"start":{"line":7,"column":9},"end":{"line":7,"column":31}},"type":"binary-expr","locations":[{"start":{"line":7,"column":9},"end":{"line":7,"column":26}},{"start":{"line":7,"column":30},"end":{"line":7,"column":31}}],"line":7},"3":{"loc":{"start":{"line":35,"column":4},"end":{"line":38,"column":5}},"type":"if","locations":[{"start":{"line":35,"column":4},"end":{"line":38,"column":5}},{"start":{"line":35,"column":4},"end":{"line":38,"column":5}}],"line":35},"4":{"loc":{"start":{"line":49,"column":4},"end":{"line":52,"column":5}},"type":"if","locations":[{"start":{"line":49,"column":4},"end":{"line":52,"column":5}},{"start":{"line":49,"column":4},"end":{"line":52,"column":5}}],"line":49}},"s":{"0":1,"1":5,"2":0,"3":5,"4":1,"5":4,"6":1,"7":1,"8":1,"9":1,"10":2,"11":2,"12":1,"13":1,"14":1,"15":1,"16":1,"17":0,"18":0,"19":0,"20":0,"21":0,"22":0,"23":0,"24":0,"25":0,"26":1,"27":1,"28":1,"29":1,"30":0,"31":0,"32":1,"33":1,"34":1},"f":{"0":5,"1":1,"2":2,"3":1,"4":0,"5":1},"b":{"0":[0,5],"1":[1,4],"2":[4,0],"3":[0,0],"4":[0,1]},"_coverageSchema":"43e27e138ebf9cfc5966b082cf9a028302ed4184","hash":"b0f3c801ca501342aaf55269d34d9bf2bc48000e","contentHash":"f3fe269becb82f908f9aaeb278d6193745cdd36f1c69330f4312c959843872ef"}
,"C:\\Users\\H2103671\\Desktop\\node\\sequelize\\app\\model\\user.js": {"path":"C:\\Users\\H2103671\\Desktop\\node\\sequelize\\app\\model\\user.js","statementMap":{"0":{"start":{"line":3,"column":0},"end":{"line":15,"column":1}},"1":{"start":{"line":4,"column":36},"end":{"line":4,"column":49}},"2":{"start":{"line":6,"column":15},"end":{"line":12,"column":4}},"3":{"start":{"line":14,"column":2},"end":{"line":14,"column":13}}},"fnMap":{"0":{"name":"(anonymous_0)","decl":{"start":{"line":3,"column":17},"end":{"line":3,"column":18}},"loc":{"start":{"line":3,"column":24},"end":{"line":15,"column":1}},"line":3}},"branchMap":{},"s":{"0":1,"1":2,"2":2,"3":2},"f":{"0":2},"b":{},"_coverageSchema":"43e27e138ebf9cfc5966b082cf9a028302ed4184","hash":"cebbb241e1cacece08c102cddbc5de2f8c1a4f26","contentHash":"747d693c2391ee5918780ee62e2f595031e0338617c1cbcf8f3b3bfa9a6ebca3"}
,"C:\\Users\\H2103671\\Desktop\\node\\sequelize\\config\\config.default.js": {"path":"C:\\Users\\H2103671\\Desktop\\node\\sequelize\\config\\config.default.js","statementMap":{"0":{"start":{"line":1,"column":0},"end":{"line":1,"column":22}},"1":{"start":{"line":3,"column":0},"end":{"line":10,"column":1}}},"fnMap":{},"branchMap":{},"s":{"0":1,"1":1},"f":{},"b":{},"_coverageSchema":"43e27e138ebf9cfc5966b082cf9a028302ed4184","hash":"722b992a6106483af7c89cdd36c389ab19a991fc","contentHash":"904217844155d90a917ba2eebfbae5467486f5882f2f7544f163e9e1632e8c4d"}
,"C:\\Users\\H2103671\\Desktop\\node\\sequelize\\config\\config.unittest.js": {"path":"C:\\Users\\H2103671\\Desktop\\node\\sequelize\\config\\config.unittest.js","statementMap":{"0":{"start":{"line":1,"column":0},"end":{"line":8,"column":1}}},"fnMap":{},"branchMap":{},"s":{"0":1},"f":{},"b":{},"_coverageSchema":"43e27e138ebf9cfc5966b082cf9a028302ed4184","hash":"55af904b43028375156cd872e67da9450099ae92","contentHash":"a0f1dfa676002d74e353cefe9b98b50c98e7f1e5095d2ba7e55515e6d922a549"}
,"C:\\Users\\H2103671\\Desktop\\node\\sequelize\\config\\plugin.js": {"path":"C:\\Users\\H2103671\\Desktop\\node\\sequelize\\config\\plugin.js","statementMap":{"0":{"start":{"line":1,"column":0},"end":{"line":4,"column":1}}},"fnMap":{},"branchMap":{},"s":{"0":1},"f":{},"b":{},"_coverageSchema":"43e27e138ebf9cfc5966b082cf9a028302ed4184","hash":"79c724d325785d3c610434d00bdc1c19468f8feb","contentHash":"9c3f28f9c91beff5ea9957dc6829cccff0f4606e88d828bc38aa18ab58db0a94"}
}
