TN:
SF:C:\Users\H2103671\Desktop\node\sequelize\app\router.js
FN:1,(anonymous_0)
FNF:1
FNH:1
FNDA:1,(anonymous_0)
DA:1,1
DA:2,1
DA:3,1
LF:3
LH:3
BRF:0
BRH:0
end_of_record
TN:
SF:C:\Users\H2103671\Desktop\node\sequelize\app\controller\home.js
FN:4,(anonymous_0)
FNF:1
FNH:0
FNDA:0,(anonymous_0)
DA:1,1
DA:5,0
DA:9,1
LF:3
LH:2
BRF:0
BRH:0
end_of_record
TN:
SF:C:\Users\H2103671\Desktop\node\sequelize\app\controller\user.js
FN:4,toInt
FN:11,(anonymous_1)
FN:18,(anonymous_2)
FN:23,(anonymous_3)
FN:31,(anonymous_4)
FN:45,(anonymous_5)
FNF:6
FNH:5
FNDA:5,toInt
FNDA:1,(anonymous_1)
FNDA:2,(anonymous_2)
FNDA:1,(anonymous_3)
FNDA:0,(anonymous_4)
FNDA:1,(anonymous_5)
DA:2,1
DA:5,5
DA:6,5
DA:7,4
DA:12,1
DA:13,1
DA:14,1
DA:15,1
DA:19,2
DA:20,2
DA:24,1
DA:25,1
DA:26,1
DA:27,1
DA:28,1
DA:32,0
DA:33,0
DA:34,0
DA:35,0
DA:36,0
DA:37,0
DA:40,0
DA:41,0
DA:42,0
DA:46,1
DA:47,1
DA:48,1
DA:49,1
DA:50,0
DA:51,0
DA:54,1
DA:55,1
DA:59,1
LF:33
LH:22
BRDA:5,0,0,0
BRDA:5,0,1,5
BRDA:6,1,0,1
BRDA:6,1,1,4
BRDA:7,2,0,4
BRDA:7,2,1,0
BRDA:35,3,0,0
BRDA:35,3,1,0
BRDA:49,4,0,0
BRDA:49,4,1,1
BRF:10
BRH:5
end_of_record
TN:
SF:C:\Users\H2103671\Desktop\node\sequelize\app\model\user.js
FN:3,(anonymous_0)
FNF:1
FNH:1
FNDA:2,(anonymous_0)
DA:3,1
DA:4,2
DA:6,2
DA:14,2
LF:4
LH:4
BRF:0
BRH:0
end_of_record
TN:
SF:C:\Users\H2103671\Desktop\node\sequelize\config\config.default.js
FNF:0
FNH:0
DA:1,1
DA:3,1
LF:2
LH:2
BRF:0
BRH:0
end_of_record
TN:
SF:C:\Users\H2103671\Desktop\node\sequelize\config\config.unittest.js
FNF:0
FNH:0
DA:1,1
LF:1
LH:1
BRF:0
BRH:0
end_of_record
TN:
SF:C:\Users\H2103671\Desktop\node\sequelize\config\plugin.js
FNF:0
FNH:0
DA:1,1
LF:1
LH:1
BRF:0
BRH:0
end_of_record
